<?xml version="1.0" encoding="UTF-8"?>
<testsuite xmlns:xsi="http://www.w3.org/2001/XMLSchema-instance" xsi:noNamespaceSchemaLocation="https://maven.apache.org/surefire/maven-surefire-plugin/xsd/surefire-test-report.xsd" name="de.jonashackt.springbootvuejs.repository.UserRepositoryTest" time="0.022" tests="1" errors="1" skipped="0" failures="0">
  <properties>
    <property name="java.specification.version" value="13"/>
    <property name="sun.jnu.encoding" value="UTF-8"/>
    <property name="java.class.path" value="/Users/milutinzeljkovic/XML/XML_WS/micro_services/services/AxonSaga/Security-Service/backend/target/test-classes:/Users/milutinzeljkovic/XML/XML_WS/micro_services/services/AxonSaga/Security-Service/backend/target/classes:/Users/milutinzeljkovic/.m2/repository/org/springframework/boot/spring-boot-starter-web/2.2.6.RELEASE/spring-boot-starter-web-2.2.6.RELEASE.jar:/Users/milutinzeljkovic/.m2/repository/org/springframework/boot/spring-boot-starter/2.2.6.RELEASE/spring-boot-starter-2.2.6.RELEASE.jar:/Users/milutinzeljkovic/.m2/repository/org/springframework/boot/spring-boot-starter-logging/2.2.6.RELEASE/spring-boot-starter-logging-2.2.6.RELEASE.jar:/Users/milutinzeljkovic/.m2/repository/ch/qos/logback/logback-classic/1.2.3/logback-classic-1.2.3.jar:/Users/milutinzeljkovic/.m2/repository/ch/qos/logback/logback-core/1.2.3/logback-core-1.2.3.jar:/Users/milutinzeljkovic/.m2/repository/org/apache/logging/log4j/log4j-to-slf4j/2.12.1/log4j-to-slf4j-2.12.1.jar:/Users/milutinzeljkovic/.m2/repository/org/apache/logging/log4j/log4j-api/2.12.1/log4j-api-2.12.1.jar:/Users/milutinzeljkovic/.m2/repository/org/slf4j/jul-to-slf4j/1.7.30/jul-to-slf4j-1.7.30.jar:/Users/milutinzeljkovic/.m2/repository/jakarta/annotation/jakarta.annotation-api/1.3.5/jakarta.annotation-api-1.3.5.jar:/Users/milutinzeljkovic/.m2/repository/org/yaml/snakeyaml/1.25/snakeyaml-1.25.jar:/Users/milutinzeljkovic/.m2/repository/org/springframework/boot/spring-boot-starter-json/2.2.6.RELEASE/spring-boot-starter-json-2.2.6.RELEASE.jar:/Users/milutinzeljkovic/.m2/repository/com/fasterxml/jackson/core/jackson-databind/2.10.3/jackson-databind-2.10.3.jar:/Users/milutinzeljkovic/.m2/repository/com/fasterxml/jackson/datatype/jackson-datatype-jdk8/2.10.3/jackson-datatype-jdk8-2.10.3.jar:/Users/milutinzeljkovic/.m2/repository/com/fasterxml/jackson/datatype/jackson-datatype-jsr310/2.10.3/jackson-datatype-jsr310-2.10.3.jar:/Users/milutinzeljkovic/.m2/repository/com/fasterxml/jackson/module/jackson-module-parameter-names/2.10.3/jackson-module-parameter-names-2.10.3.jar:/Users/milutinzeljkovic/.m2/repository/org/springframework/boot/spring-boot-starter-tomcat/2.2.6.RELEASE/spring-boot-starter-tomcat-2.2.6.RELEASE.jar:/Users/milutinzeljkovic/.m2/repository/org/apache/tomcat/embed/tomcat-embed-core/9.0.33/tomcat-embed-core-9.0.33.jar:/Users/milutinzeljkovic/.m2/repository/org/apache/tomcat/embed/tomcat-embed-el/9.0.33/tomcat-embed-el-9.0.33.jar:/Users/milutinzeljkovic/.m2/repository/org/apache/tomcat/embed/tomcat-embed-websocket/9.0.33/tomcat-embed-websocket-9.0.33.jar:/Users/milutinzeljkovic/.m2/repository/org/springframework/boot/spring-boot-starter-validation/2.2.6.RELEASE/spring-boot-starter-validation-2.2.6.RELEASE.jar:/Users/milutinzeljkovic/.m2/repository/jakarta/validation/jakarta.validation-api/2.0.2/jakarta.validation-api-2.0.2.jar:/Users/milutinzeljkovic/.m2/repository/org/hibernate/validator/hibernate-validator/6.0.18.Final/hibernate-validator-6.0.18.Final.jar:/Users/milutinzeljkovic/.m2/repository/org/springframework/spring-web/5.2.5.RELEASE/spring-web-5.2.5.RELEASE.jar:/Users/milutinzeljkovic/.m2/repository/org/springframework/spring-beans/5.2.5.RELEASE/spring-beans-5.2.5.RELEASE.jar:/Users/milutinzeljkovic/.m2/repository/org/springframework/spring-webmvc/5.2.5.RELEASE/spring-webmvc-5.2.5.RELEASE.jar:/Users/milutinzeljkovic/.m2/repository/org/springframework/spring-context/5.2.5.RELEASE/spring-context-5.2.5.RELEASE.jar:/Users/milutinzeljkovic/.m2/repository/org/springframework/spring-expression/5.2.5.RELEASE/spring-expression-5.2.5.RELEASE.jar:/Users/milutinzeljkovic/.m2/repository/org/springframework/boot/spring-boot-devtools/2.2.6.RELEASE/spring-boot-devtools-2.2.6.RELEASE.jar:/Users/milutinzeljkovic/.m2/repository/org/springframework/boot/spring-boot/2.2.6.RELEASE/spring-boot-2.2.6.RELEASE.jar:/Users/milutinzeljkovic/.m2/repository/org/springframework/boot/spring-boot-autoconfigure/2.2.6.RELEASE/spring-boot-autoconfigure-2.2.6.RELEASE.jar:/Users/milutinzeljkovic/.m2/repository/org/projectlombok/lombok/1.18.12/lombok-1.18.12.jar:/Users/milutinzeljkovic/.m2/repository/org/bouncycastle/bcpkix-jdk15on/1.56/bcpkix-jdk15on-1.56.jar:/Users/milutinzeljkovic/.m2/repository/org/bouncycastle/bcprov-jdk15on/1.56/bcprov-jdk15on-1.56.jar:/Users/milutinzeljkovic/.m2/repository/org/springframework/boot/spring-boot-starter-data-jpa/2.2.6.RELEASE/spring-boot-starter-data-jpa-2.2.6.RELEASE.jar:/Users/milutinzeljkovic/.m2/repository/org/springframework/boot/spring-boot-starter-aop/2.2.6.RELEASE/spring-boot-starter-aop-2.2.6.RELEASE.jar:/Users/milutinzeljkovic/.m2/repository/org/aspectj/aspectjweaver/1.9.5/aspectjweaver-1.9.5.jar:/Users/milutinzeljkovic/.m2/repository/org/springframework/boot/spring-boot-starter-jdbc/2.2.6.RELEASE/spring-boot-starter-jdbc-2.2.6.RELEASE.jar:/Users/milutinzeljkovic/.m2/repository/com/zaxxer/HikariCP/3.4.2/HikariCP-3.4.2.jar:/Users/milutinzeljkovic/.m2/repository/org/springframework/spring-jdbc/5.2.5.RELEASE/spring-jdbc-5.2.5.RELEASE.jar:/Users/milutinzeljkovic/.m2/repository/jakarta/activation/jakarta.activation-api/1.2.2/jakarta.activation-api-1.2.2.jar:/Users/milutinzeljkovic/.m2/repository/jakarta/persistence/jakarta.persistence-api/2.2.3/jakarta.persistence-api-2.2.3.jar:/Users/milutinzeljkovic/.m2/repository/jakarta/transaction/jakarta.transaction-api/1.3.3/jakarta.transaction-api-1.3.3.jar:/Users/milutinzeljkovic/.m2/repository/org/hibernate/hibernate-core/5.4.12.Final/hibernate-core-5.4.12.Final.jar:/Users/milutinzeljkovic/.m2/repository/org/jboss/logging/jboss-logging/3.4.1.Final/jboss-logging-3.4.1.Final.jar:/Users/milutinzeljkovic/.m2/repository/org/javassist/javassist/3.24.0-GA/javassist-3.24.0-GA.jar:/Users/milutinzeljkovic/.m2/repository/net/bytebuddy/byte-buddy/1.10.8/byte-buddy-1.10.8.jar:/Users/milutinzeljkovic/.m2/repository/antlr/antlr/2.7.7/antlr-2.7.7.jar:/Users/milutinzeljkovic/.m2/repository/org/jboss/jandex/2.1.1.Final/jandex-2.1.1.Final.jar:/Users/milutinzeljkovic/.m2/repository/com/fasterxml/classmate/1.5.1/classmate-1.5.1.jar:/Users/milutinzeljkovic/.m2/repository/org/dom4j/dom4j/2.1.1/dom4j-2.1.1.jar:/Users/milutinzeljkovic/.m2/repository/org/hibernate/common/hibernate-commons-annotations/5.1.0.Final/hibernate-commons-annotations-5.1.0.Final.jar:/Users/milutinzeljkovic/.m2/repository/org/glassfish/jaxb/jaxb-runtime/2.3.2/jaxb-runtime-2.3.2.jar:/Users/milutinzeljkovic/.m2/repository/org/glassfish/jaxb/txw2/2.3.2/txw2-2.3.2.jar:/Users/milutinzeljkovic/.m2/repository/com/sun/istack/istack-commons-runtime/3.0.8/istack-commons-runtime-3.0.8.jar:/Users/milutinzeljkovic/.m2/repository/org/jvnet/staxex/stax-ex/1.8.1/stax-ex-1.8.1.jar:/Users/milutinzeljkovic/.m2/repository/com/sun/xml/fastinfoset/FastInfoset/1.2.16/FastInfoset-1.2.16.jar:/Users/milutinzeljkovic/.m2/repository/org/springframework/data/spring-data-jpa/2.2.6.RELEASE/spring-data-jpa-2.2.6.RELEASE.jar:/Users/milutinzeljkovic/.m2/repository/org/springframework/data/spring-data-commons/2.2.6.RELEASE/spring-data-commons-2.2.6.RELEASE.jar:/Users/milutinzeljkovic/.m2/repository/org/springframework/spring-orm/5.2.5.RELEASE/spring-orm-5.2.5.RELEASE.jar:/Users/milutinzeljkovic/.m2/repository/org/springframework/spring-tx/5.2.5.RELEASE/spring-tx-5.2.5.RELEASE.jar:/Users/milutinzeljkovic/.m2/repository/org/slf4j/slf4j-api/1.7.30/slf4j-api-1.7.30.jar:/Users/milutinzeljkovic/.m2/repository/org/springframework/spring-aspects/5.2.5.RELEASE/spring-aspects-5.2.5.RELEASE.jar:/Users/milutinzeljkovic/.m2/repository/com/h2database/h2/1.4.200/h2-1.4.200.jar:/Users/milutinzeljkovic/.m2/repository/org/apache/tomcat/tomcat-jdbc/9.0.33/tomcat-jdbc-9.0.33.jar:/Users/milutinzeljkovic/.m2/repository/org/apache/tomcat/tomcat-juli/9.0.33/tomcat-juli-9.0.33.jar:/Users/milutinzeljkovic/.m2/repository/org/postgresql/postgresql/42.2.12/postgresql-42.2.12.jar:/Users/milutinzeljkovic/.m2/repository/org/springframework/boot/spring-boot-starter-test/2.2.6.RELEASE/spring-boot-starter-test-2.2.6.RELEASE.jar:/Users/milutinzeljkovic/.m2/repository/org/springframework/boot/spring-boot-test/2.2.6.RELEASE/spring-boot-test-2.2.6.RELEASE.jar:/Users/milutinzeljkovic/.m2/repository/org/springframework/boot/spring-boot-test-autoconfigure/2.2.6.RELEASE/spring-boot-test-autoconfigure-2.2.6.RELEASE.jar:/Users/milutinzeljkovic/.m2/repository/com/jayway/jsonpath/json-path/2.4.0/json-path-2.4.0.jar:/Users/milutinzeljkovic/.m2/repository/net/minidev/json-smart/2.3/json-smart-2.3.jar:/Users/milutinzeljkovic/.m2/repository/net/minidev/accessors-smart/1.2/accessors-smart-1.2.jar:/Users/milutinzeljkovic/.m2/repository/org/ow2/asm/asm/5.0.4/asm-5.0.4.jar:/Users/milutinzeljkovic/.m2/repository/jakarta/xml/bind/jakarta.xml.bind-api/2.3.3/jakarta.xml.bind-api-2.3.3.jar:/Users/milutinzeljkovic/.m2/repository/org/junit/jupiter/junit-jupiter/5.5.2/junit-jupiter-5.5.2.jar:/Users/milutinzeljkovic/.m2/repository/org/junit/jupiter/junit-jupiter-api/5.5.2/junit-jupiter-api-5.5.2.jar:/Users/milutinzeljkovic/.m2/repository/org/opentest4j/opentest4j/1.2.0/opentest4j-1.2.0.jar:/Users/milutinzeljkovic/.m2/repository/org/junit/platform/junit-platform-commons/1.5.2/junit-platform-commons-1.5.2.jar:/Users/milutinzeljkovic/.m2/repository/org/junit/jupiter/junit-jupiter-params/5.5.2/junit-jupiter-params-5.5.2.jar:/Users/milutinzeljkovic/.m2/repository/org/junit/jupiter/junit-jupiter-engine/5.5.2/junit-jupiter-engine-5.5.2.jar:/Users/milutinzeljkovic/.m2/repository/org/junit/vintage/junit-vintage-engine/5.5.2/junit-vintage-engine-5.5.2.jar:/Users/milutinzeljkovic/.m2/repository/org/apiguardian/apiguardian-api/1.1.0/apiguardian-api-1.1.0.jar:/Users/milutinzeljkovic/.m2/repository/org/junit/platform/junit-platform-engine/1.5.2/junit-platform-engine-1.5.2.jar:/Users/milutinzeljkovic/.m2/repository/junit/junit/4.12/junit-4.12.jar:/Users/milutinzeljkovic/.m2/repository/org/mockito/mockito-junit-jupiter/3.1.0/mockito-junit-jupiter-3.1.0.jar:/Users/milutinzeljkovic/.m2/repository/org/assertj/assertj-core/3.13.2/assertj-core-3.13.2.jar:/Users/milutinzeljkovic/.m2/repository/org/hamcrest/hamcrest/2.1/hamcrest-2.1.jar:/Users/milutinzeljkovic/.m2/repository/org/mockito/mockito-core/3.1.0/mockito-core-3.1.0.jar:/Users/milutinzeljkovic/.m2/repository/net/bytebuddy/byte-buddy-agent/1.10.8/byte-buddy-agent-1.10.8.jar:/Users/milutinzeljkovic/.m2/repository/org/objenesis/objenesis/2.6/objenesis-2.6.jar:/Users/milutinzeljkovic/.m2/repository/org/skyscreamer/jsonassert/1.5.0/jsonassert-1.5.0.jar:/Users/milutinzeljkovic/.m2/repository/com/vaadin/external/google/android-json/0.0.20131108.vaadin1/android-json-0.0.20131108.vaadin1.jar:/Users/milutinzeljkovic/.m2/repository/org/springframework/spring-core/5.2.5.RELEASE/spring-core-5.2.5.RELEASE.jar:/Users/milutinzeljkovic/.m2/repository/org/springframework/spring-jcl/5.2.5.RELEASE/spring-jcl-5.2.5.RELEASE.jar:/Users/milutinzeljkovic/.m2/repository/org/springframework/spring-test/5.2.5.RELEASE/spring-test-5.2.5.RELEASE.jar:/Users/milutinzeljkovic/.m2/repository/org/xmlunit/xmlunit-core/2.6.4/xmlunit-core-2.6.4.jar:/Users/milutinzeljkovic/.m2/repository/mysql/mysql-connector-java/8.0.19/mysql-connector-java-8.0.19.jar:/Users/milutinzeljkovic/.m2/repository/io/rest-assured/rest-assured/4.3.0/rest-assured-4.3.0.jar:/Users/milutinzeljkovic/.m2/repository/org/codehaus/groovy/groovy/2.5.10/groovy-2.5.10.jar:/Users/milutinzeljkovic/.m2/repository/org/codehaus/groovy/groovy-xml/2.5.10/groovy-xml-2.5.10.jar:/Users/milutinzeljkovic/.m2/repository/org/apache/httpcomponents/httpclient/4.5.12/httpclient-4.5.12.jar:/Users/milutinzeljkovic/.m2/repository/org/apache/httpcomponents/httpcore/4.4.13/httpcore-4.4.13.jar:/Users/milutinzeljkovic/.m2/repository/commons-codec/commons-codec/1.13/commons-codec-1.13.jar:/Users/milutinzeljkovic/.m2/repository/org/apache/httpcomponents/httpmime/4.5.12/httpmime-4.5.12.jar:/Users/milutinzeljkovic/.m2/repository/org/ccil/cowan/tagsoup/tagsoup/1.2.1/tagsoup-1.2.1.jar:/Users/milutinzeljkovic/.m2/repository/io/rest-assured/json-path/4.3.0/json-path-4.3.0.jar:/Users/milutinzeljkovic/.m2/repository/org/codehaus/groovy/groovy-json/2.5.10/groovy-json-2.5.10.jar:/Users/milutinzeljkovic/.m2/repository/io/rest-assured/rest-assured-common/4.3.0/rest-assured-common-4.3.0.jar:/Users/milutinzeljkovic/.m2/repository/io/rest-assured/xml-path/4.3.0/xml-path-4.3.0.jar:/Users/milutinzeljkovic/.m2/repository/org/apache/commons/commons-lang3/3.9/commons-lang3-3.9.jar:/Users/milutinzeljkovic/.m2/repository/com/sun/xml/bind/jaxb-osgi/2.3.0.1/jaxb-osgi-2.3.0.1.jar:/Users/milutinzeljkovic/.m2/repository/org/apache/sling/org.apache.sling.javax.activation/0.1.0/org.apache.sling.javax.activation-0.1.0.jar:/Users/milutinzeljkovic/.m2/repository/javax/activation/activation/1.1.1/activation-1.1.1.jar:/Users/milutinzeljkovic/.m2/repository/org/springframework/boot/spring-boot-starter-security/2.2.6.RELEASE/spring-boot-starter-security-2.2.6.RELEASE.jar:/Users/milutinzeljkovic/.m2/repository/org/springframework/spring-aop/5.2.5.RELEASE/spring-aop-5.2.5.RELEASE.jar:/Users/milutinzeljkovic/.m2/repository/org/springframework/security/spring-security-config/5.2.2.RELEASE/spring-security-config-5.2.2.RELEASE.jar:/Users/milutinzeljkovic/.m2/repository/org/springframework/security/spring-security-web/5.2.2.RELEASE/spring-security-web-5.2.2.RELEASE.jar:/Users/milutinzeljkovic/.m2/repository/org/springframework/security/spring-security-test/5.2.2.RELEASE/spring-security-test-5.2.2.RELEASE.jar:/Users/milutinzeljkovic/.m2/repository/org/springframework/security/spring-security-core/5.2.2.RELEASE/spring-security-core-5.2.2.RELEASE.jar:/Users/milutinzeljkovic/.m2/repository/de/ohmesoftware/keytool/0.0.2/keytool-0.0.2.jar:/Users/milutinzeljkovic/.m2/repository/org/bouncycastle/bcprov-debug-jdk15on/1.61/bcprov-debug-jdk15on-1.61.jar:/Users/milutinzeljkovic/.m2/repository/org/springframework/cloud/spring-cloud-starter-netflix-eureka-client/2.2.2.RELEASE/spring-cloud-starter-netflix-eureka-client-2.2.2.RELEASE.jar:/Users/milutinzeljkovic/.m2/repository/org/springframework/cloud/spring-cloud-starter/2.2.2.RELEASE/spring-cloud-starter-2.2.2.RELEASE.jar:/Users/milutinzeljkovic/.m2/repository/org/springframework/cloud/spring-cloud-context/2.2.2.RELEASE/spring-cloud-context-2.2.2.RELEASE.jar:/Users/milutinzeljkovic/.m2/repository/org/springframework/security/spring-security-rsa/1.0.9.RELEASE/spring-security-rsa-1.0.9.RELEASE.jar:/Users/milutinzeljkovic/.m2/repository/org/springframework/cloud/spring-cloud-netflix-hystrix/2.2.2.RELEASE/spring-cloud-netflix-hystrix-2.2.2.RELEASE.jar:/Users/milutinzeljkovic/.m2/repository/org/springframework/cloud/spring-cloud-netflix-eureka-client/2.2.2.RELEASE/spring-cloud-netflix-eureka-client-2.2.2.RELEASE.jar:/Users/milutinzeljkovic/.m2/repository/com/netflix/eureka/eureka-client/1.9.17/eureka-client-1.9.17.jar:/Users/milutinzeljkovic/.m2/repository/org/codehaus/jettison/jettison/1.3.7/jettison-1.3.7.jar:/Users/milutinzeljkovic/.m2/repository/stax/stax-api/1.0.1/stax-api-1.0.1.jar:/Users/milutinzeljkovic/.m2/repository/com/netflix/netflix-commons/netflix-eventbus/0.3.0/netflix-eventbus-0.3.0.jar:/Users/milutinzeljkovic/.m2/repository/com/netflix/netflix-commons/netflix-infix/0.3.0/netflix-infix-0.3.0.jar:/Users/milutinzeljkovic/.m2/repository/commons-jxpath/commons-jxpath/1.3/commons-jxpath-1.3.jar:/Users/milutinzeljkovic/.m2/repository/joda-time/joda-time/2.10.5/joda-time-2.10.5.jar:/Users/milutinzeljkovic/.m2/repository/org/antlr/antlr-runtime/3.4/antlr-runtime-3.4.jar:/Users/milutinzeljkovic/.m2/repository/org/antlr/stringtemplate/3.2.1/stringtemplate-3.2.1.jar:/Users/milutinzeljkovic/.m2/repository/com/google/code/gson/gson/2.8.6/gson-2.8.6.jar:/Users/milutinzeljkovic/.m2/repository/org/apache/commons/commons-math/2.2/commons-math-2.2.jar:/Users/milutinzeljkovic/.m2/repository/com/netflix/archaius/archaius-core/0.7.6/archaius-core-0.7.6.jar:/Users/milutinzeljkovic/.m2/repository/com/google/guava/guava/16.0/guava-16.0.jar:/Users/milutinzeljkovic/.m2/repository/javax/ws/rs/jsr311-api/1.1.1/jsr311-api-1.1.1.jar:/Users/milutinzeljkovic/.m2/repository/com/netflix/servo/servo-core/0.12.21/servo-core-0.12.21.jar:/Users/milutinzeljkovic/.m2/repository/com/sun/jersey/jersey-core/1.19.1/jersey-core-1.19.1.jar:/Users/milutinzeljkovic/.m2/repository/com/sun/jersey/jersey-client/1.19.1/jersey-client-1.19.1.jar:/Users/milutinzeljkovic/.m2/repository/com/sun/jersey/contribs/jersey-apache-client4/1.19.1/jersey-apache-client4-1.19.1.jar:/Users/milutinzeljkovic/.m2/repository/com/google/inject/guice/4.1.0/guice-4.1.0.jar:/Users/milutinzeljkovic/.m2/repository/javax/inject/javax.inject/1/javax.inject-1.jar:/Users/milutinzeljkovic/.m2/repository/aopalliance/aopalliance/1.0/aopalliance-1.0.jar:/Users/milutinzeljkovic/.m2/repository/com/fasterxml/jackson/core/jackson-annotations/2.10.3/jackson-annotations-2.10.3.jar:/Users/milutinzeljkovic/.m2/repository/com/fasterxml/jackson/core/jackson-core/2.10.3/jackson-core-2.10.3.jar:/Users/milutinzeljkovic/.m2/repository/com/netflix/eureka/eureka-core/1.9.17/eureka-core-1.9.17.jar:/Users/milutinzeljkovic/.m2/repository/com/fasterxml/woodstox/woodstox-core/5.2.1/woodstox-core-5.2.1.jar:/Users/milutinzeljkovic/.m2/repository/org/codehaus/woodstox/stax2-api/4.2/stax2-api-4.2.jar:/Users/milutinzeljkovic/.m2/repository/org/springframework/cloud/spring-cloud-starter-netflix-archaius/2.2.2.RELEASE/spring-cloud-starter-netflix-archaius-2.2.2.RELEASE.jar:/Users/milutinzeljkovic/.m2/repository/org/springframework/cloud/spring-cloud-netflix-ribbon/2.2.2.RELEASE/spring-cloud-netflix-ribbon-2.2.2.RELEASE.jar:/Users/milutinzeljkovic/.m2/repository/org/springframework/cloud/spring-cloud-netflix-archaius/2.2.2.RELEASE/spring-cloud-netflix-archaius-2.2.2.RELEASE.jar:/Users/milutinzeljkovic/.m2/repository/commons-configuration/commons-configuration/1.8/commons-configuration-1.8.jar:/Users/milutinzeljkovic/.m2/repository/commons-lang/commons-lang/2.6/commons-lang-2.6.jar:/Users/milutinzeljkovic/.m2/repository/org/springframework/cloud/spring-cloud-starter-netflix-ribbon/2.2.2.RELEASE/spring-cloud-starter-netflix-ribbon-2.2.2.RELEASE.jar:/Users/milutinzeljkovic/.m2/repository/com/netflix/ribbon/ribbon/2.3.0/ribbon-2.3.0.jar:/Users/milutinzeljkovic/.m2/repository/com/netflix/ribbon/ribbon-transport/2.3.0/ribbon-transport-2.3.0.jar:/Users/milutinzeljkovic/.m2/repository/io/reactivex/rxnetty-contexts/0.4.9/rxnetty-contexts-0.4.9.jar:/Users/milutinzeljkovic/.m2/repository/io/reactivex/rxnetty-servo/0.4.9/rxnetty-servo-0.4.9.jar:/Users/milutinzeljkovic/.m2/repository/io/reactivex/rxnetty/0.4.9/rxnetty-0.4.9.jar:/Users/milutinzeljkovic/.m2/repository/com/netflix/ribbon/ribbon-core/2.3.0/ribbon-core-2.3.0.jar:/Users/milutinzeljkovic/.m2/repository/com/netflix/ribbon/ribbon-httpclient/2.3.0/ribbon-httpclient-2.3.0.jar:/Users/milutinzeljkovic/.m2/repository/commons-collections/commons-collections/3.2.2/commons-collections-3.2.2.jar:/Users/milutinzeljkovic/.m2/repository/com/netflix/netflix-commons/netflix-commons-util/0.1.1/netflix-commons-util-0.1.1.jar:/Users/milutinzeljkovic/.m2/repository/com/netflix/ribbon/ribbon-loadbalancer/2.3.0/ribbon-loadbalancer-2.3.0.jar:/Users/milutinzeljkovic/.m2/repository/com/netflix/netflix-commons/netflix-statistics/0.1.1/netflix-statistics-0.1.1.jar:/Users/milutinzeljkovic/.m2/repository/io/reactivex/rxjava/1.3.8/rxjava-1.3.8.jar:/Users/milutinzeljkovic/.m2/repository/org/springframework/cloud/spring-cloud-starter-loadbalancer/2.2.2.RELEASE/spring-cloud-starter-loadbalancer-2.2.2.RELEASE.jar:/Users/milutinzeljkovic/.m2/repository/org/springframework/cloud/spring-cloud-loadbalancer/2.2.2.RELEASE/spring-cloud-loadbalancer-2.2.2.RELEASE.jar:/Users/milutinzeljkovic/.m2/repository/io/projectreactor/reactor-core/3.3.4.RELEASE/reactor-core-3.3.4.RELEASE.jar:/Users/milutinzeljkovic/.m2/repository/org/reactivestreams/reactive-streams/1.0.3/reactive-streams-1.0.3.jar:/Users/milutinzeljkovic/.m2/repository/io/projectreactor/addons/reactor-extra/3.3.3.RELEASE/reactor-extra-3.3.3.RELEASE.jar:/Users/milutinzeljkovic/.m2/repository/org/springframework/boot/spring-boot-starter-cache/2.2.6.RELEASE/spring-boot-starter-cache-2.2.6.RELEASE.jar:/Users/milutinzeljkovic/.m2/repository/org/springframework/spring-context-support/5.2.5.RELEASE/spring-context-support-5.2.5.RELEASE.jar:/Users/milutinzeljkovic/.m2/repository/com/stoyanr/evictor/1.0.0/evictor-1.0.0.jar:/Users/milutinzeljkovic/.m2/repository/com/netflix/ribbon/ribbon-eureka/2.3.0/ribbon-eureka-2.3.0.jar:/Users/milutinzeljkovic/.m2/repository/com/thoughtworks/xstream/xstream/1.4.11.1/xstream-1.4.11.1.jar:/Users/milutinzeljkovic/.m2/repository/xmlpull/xmlpull/1.1.3.1/xmlpull-1.1.3.1.jar:/Users/milutinzeljkovic/.m2/repository/xpp3/xpp3_min/1.1.4c/xpp3_min-1.1.4c.jar:/Users/milutinzeljkovic/.m2/repository/org/springframework/boot/spring-boot-starter-actuator/2.2.6.RELEASE/spring-boot-starter-actuator-2.2.6.RELEASE.jar:/Users/milutinzeljkovic/.m2/repository/org/springframework/boot/spring-boot-actuator-autoconfigure/2.2.6.RELEASE/spring-boot-actuator-autoconfigure-2.2.6.RELEASE.jar:/Users/milutinzeljkovic/.m2/repository/org/springframework/boot/spring-boot-actuator/2.2.6.RELEASE/spring-boot-actuator-2.2.6.RELEASE.jar:/Users/milutinzeljkovic/.m2/repository/io/micrometer/micrometer-core/1.3.6/micrometer-core-1.3.6.jar:/Users/milutinzeljkovic/.m2/repository/org/hdrhistogram/HdrHistogram/2.1.11/HdrHistogram-2.1.11.jar:/Users/milutinzeljkovic/.m2/repository/org/latencyutils/LatencyUtils/2.0.3/LatencyUtils-2.0.3.jar:/Users/milutinzeljkovic/.m2/repository/org/springframework/cloud/spring-cloud-starter-openfeign/2.2.2.RELEASE/spring-cloud-starter-openfeign-2.2.2.RELEASE.jar:/Users/milutinzeljkovic/.m2/repository/org/springframework/cloud/spring-cloud-openfeign-core/2.2.2.RELEASE/spring-cloud-openfeign-core-2.2.2.RELEASE.jar:/Users/milutinzeljkovic/.m2/repository/io/github/openfeign/form/feign-form-spring/3.8.0/feign-form-spring-3.8.0.jar:/Users/milutinzeljkovic/.m2/repository/io/github/openfeign/form/feign-form/3.8.0/feign-form-3.8.0.jar:/Users/milutinzeljkovic/.m2/repository/commons-fileupload/commons-fileupload/1.4/commons-fileupload-1.4.jar:/Users/milutinzeljkovic/.m2/repository/commons-io/commons-io/2.2/commons-io-2.2.jar:/Users/milutinzeljkovic/.m2/repository/org/springframework/cloud/spring-cloud-commons/2.2.2.RELEASE/spring-cloud-commons-2.2.2.RELEASE.jar:/Users/milutinzeljkovic/.m2/repository/org/springframework/security/spring-security-crypto/5.2.2.RELEASE/spring-security-crypto-5.2.2.RELEASE.jar:/Users/milutinzeljkovic/.m2/repository/io/github/openfeign/feign-core/10.7.4/feign-core-10.7.4.jar:/Users/milutinzeljkovic/.m2/repository/io/github/openfeign/feign-slf4j/10.7.4/feign-slf4j-10.7.4.jar:/Users/milutinzeljkovic/.m2/repository/io/github/openfeign/feign-hystrix/10.7.4/feign-hystrix-10.7.4.jar:/Users/milutinzeljkovic/.m2/repository/com/netflix/hystrix/hystrix-core/1.5.18/hystrix-core-1.5.18.jar:"/>
    <property name="java.vm.vendor" value="Oracle Corporation"/>
    <property name="sun.arch.data.model" value="64"/>
    <property name="java.vendor.url" value="https://openjdk.java.net/"/>
    <property name="os.name" value="Mac OS X"/>
    <property name="java.vm.specification.version" value="13"/>
    <property name="sun.java.launcher" value="SUN_STANDARD"/>
    <property name="user.country" value="US"/>
    <property name="sun.boot.library.path" value="/usr/local/Cellar/openjdk/13.0.2+8_2/libexec/openjdk.jdk/Contents/Home/lib"/>
    <property name="sun.java.command" value="/Users/milutinzeljkovic/XML/XML_WS/micro_services/services/AxonSaga/Security-Service/backend/target/surefire/surefirebooter14382145614450182210.jar /Users/milutinzeljkovic/XML/XML_WS/micro_services/services/AxonSaga/Security-Service/backend/target/surefire 2020-05-21T16-46-50_195-jvmRun1 surefire2481863083030980359tmp surefire_014658788139228348315tmp"/>
    <property name="http.nonProxyHosts" value="local|*.local|169.254/16|*.169.254/16"/>
    <property name="jdk.debug" value="release"/>
    <property name="surefire.test.class.path" value="/Users/milutinzeljkovic/XML/XML_WS/micro_services/services/AxonSaga/Security-Service/backend/target/test-classes:/Users/milutinzeljkovic/XML/XML_WS/micro_services/services/AxonSaga/Security-Service/backend/target/classes:/Users/milutinzeljkovic/.m2/repository/org/springframework/boot/spring-boot-starter-web/2.2.6.RELEASE/spring-boot-starter-web-2.2.6.RELEASE.jar:/Users/milutinzeljkovic/.m2/repository/org/springframework/boot/spring-boot-starter/2.2.6.RELEASE/spring-boot-starter-2.2.6.RELEASE.jar:/Users/milutinzeljkovic/.m2/repository/org/springframework/boot/spring-boot-starter-logging/2.2.6.RELEASE/spring-boot-starter-logging-2.2.6.RELEASE.jar:/Users/milutinzeljkovic/.m2/repository/ch/qos/logback/logback-classic/1.2.3/logback-classic-1.2.3.jar:/Users/milutinzeljkovic/.m2/repository/ch/qos/logback/logback-core/1.2.3/logback-core-1.2.3.jar:/Users/milutinzeljkovic/.m2/repository/org/apache/logging/log4j/log4j-to-slf4j/2.12.1/log4j-to-slf4j-2.12.1.jar:/Users/milutinzeljkovic/.m2/repository/org/apache/logging/log4j/log4j-api/2.12.1/log4j-api-2.12.1.jar:/Users/milutinzeljkovic/.m2/repository/org/slf4j/jul-to-slf4j/1.7.30/jul-to-slf4j-1.7.30.jar:/Users/milutinzeljkovic/.m2/repository/jakarta/annotation/jakarta.annotation-api/1.3.5/jakarta.annotation-api-1.3.5.jar:/Users/milutinzeljkovic/.m2/repository/org/yaml/snakeyaml/1.25/snakeyaml-1.25.jar:/Users/milutinzeljkovic/.m2/repository/org/springframework/boot/spring-boot-starter-json/2.2.6.RELEASE/spring-boot-starter-json-2.2.6.RELEASE.jar:/Users/milutinzeljkovic/.m2/repository/com/fasterxml/jackson/core/jackson-databind/2.10.3/jackson-databind-2.10.3.jar:/Users/milutinzeljkovic/.m2/repository/com/fasterxml/jackson/datatype/jackson-datatype-jdk8/2.10.3/jackson-datatype-jdk8-2.10.3.jar:/Users/milutinzeljkovic/.m2/repository/com/fasterxml/jackson/datatype/jackson-datatype-jsr310/2.10.3/jackson-datatype-jsr310-2.10.3.jar:/Users/milutinzeljkovic/.m2/repository/com/fasterxml/jackson/module/jackson-module-parameter-names/2.10.3/jackson-module-parameter-names-2.10.3.jar:/Users/milutinzeljkovic/.m2/repository/org/springframework/boot/spring-boot-starter-tomcat/2.2.6.RELEASE/spring-boot-starter-tomcat-2.2.6.RELEASE.jar:/Users/milutinzeljkovic/.m2/repository/org/apache/tomcat/embed/tomcat-embed-core/9.0.33/tomcat-embed-core-9.0.33.jar:/Users/milutinzeljkovic/.m2/repository/org/apache/tomcat/embed/tomcat-embed-el/9.0.33/tomcat-embed-el-9.0.33.jar:/Users/milutinzeljkovic/.m2/repository/org/apache/tomcat/embed/tomcat-embed-websocket/9.0.33/tomcat-embed-websocket-9.0.33.jar:/Users/milutinzeljkovic/.m2/repository/org/springframework/boot/spring-boot-starter-validation/2.2.6.RELEASE/spring-boot-starter-validation-2.2.6.RELEASE.jar:/Users/milutinzeljkovic/.m2/repository/jakarta/validation/jakarta.validation-api/2.0.2/jakarta.validation-api-2.0.2.jar:/Users/milutinzeljkovic/.m2/repository/org/hibernate/validator/hibernate-validator/6.0.18.Final/hibernate-validator-6.0.18.Final.jar:/Users/milutinzeljkovic/.m2/repository/org/springframework/spring-web/5.2.5.RELEASE/spring-web-5.2.5.RELEASE.jar:/Users/milutinzeljkovic/.m2/repository/org/springframework/spring-beans/5.2.5.RELEASE/spring-beans-5.2.5.RELEASE.jar:/Users/milutinzeljkovic/.m2/repository/org/springframework/spring-webmvc/5.2.5.RELEASE/spring-webmvc-5.2.5.RELEASE.jar:/Users/milutinzeljkovic/.m2/repository/org/springframework/spring-context/5.2.5.RELEASE/spring-context-5.2.5.RELEASE.jar:/Users/milutinzeljkovic/.m2/repository/org/springframework/spring-expression/5.2.5.RELEASE/spring-expression-5.2.5.RELEASE.jar:/Users/milutinzeljkovic/.m2/repository/org/springframework/boot/spring-boot-devtools/2.2.6.RELEASE/spring-boot-devtools-2.2.6.RELEASE.jar:/Users/milutinzeljkovic/.m2/repository/org/springframework/boot/spring-boot/2.2.6.RELEASE/spring-boot-2.2.6.RELEASE.jar:/Users/milutinzeljkovic/.m2/repository/org/springframework/boot/spring-boot-autoconfigure/2.2.6.RELEASE/spring-boot-autoconfigure-2.2.6.RELEASE.jar:/Users/milutinzeljkovic/.m2/repository/org/projectlombok/lombok/1.18.12/lombok-1.18.12.jar:/Users/milutinzeljkovic/.m2/repository/org/bouncycastle/bcpkix-jdk15on/1.56/bcpkix-jdk15on-1.56.jar:/Users/milutinzeljkovic/.m2/repository/org/bouncycastle/bcprov-jdk15on/1.56/bcprov-jdk15on-1.56.jar:/Users/milutinzeljkovic/.m2/repository/org/springframework/boot/spring-boot-starter-data-jpa/2.2.6.RELEASE/spring-boot-starter-data-jpa-2.2.6.RELEASE.jar:/Users/milutinzeljkovic/.m2/repository/org/springframework/boot/spring-boot-starter-aop/2.2.6.RELEASE/spring-boot-starter-aop-2.2.6.RELEASE.jar:/Users/milutinzeljkovic/.m2/repository/org/aspectj/aspectjweaver/1.9.5/aspectjweaver-1.9.5.jar:/Users/milutinzeljkovic/.m2/repository/org/springframework/boot/spring-boot-starter-jdbc/2.2.6.RELEASE/spring-boot-starter-jdbc-2.2.6.RELEASE.jar:/Users/milutinzeljkovic/.m2/repository/com/zaxxer/HikariCP/3.4.2/HikariCP-3.4.2.jar:/Users/milutinzeljkovic/.m2/repository/org/springframework/spring-jdbc/5.2.5.RELEASE/spring-jdbc-5.2.5.RELEASE.jar:/Users/milutinzeljkovic/.m2/repository/jakarta/activation/jakarta.activation-api/1.2.2/jakarta.activation-api-1.2.2.jar:/Users/milutinzeljkovic/.m2/repository/jakarta/persistence/jakarta.persistence-api/2.2.3/jakarta.persistence-api-2.2.3.jar:/Users/milutinzeljkovic/.m2/repository/jakarta/transaction/jakarta.transaction-api/1.3.3/jakarta.transaction-api-1.3.3.jar:/Users/milutinzeljkovic/.m2/repository/org/hibernate/hibernate-core/5.4.12.Final/hibernate-core-5.4.12.Final.jar:/Users/milutinzeljkovic/.m2/repository/org/jboss/logging/jboss-logging/3.4.1.Final/jboss-logging-3.4.1.Final.jar:/Users/milutinzeljkovic/.m2/repository/org/javassist/javassist/3.24.0-GA/javassist-3.24.0-GA.jar:/Users/milutinzeljkovic/.m2/repository/net/bytebuddy/byte-buddy/1.10.8/byte-buddy-1.10.8.jar:/Users/milutinzeljkovic/.m2/repository/antlr/antlr/2.7.7/antlr-2.7.7.jar:/Users/milutinzeljkovic/.m2/repository/org/jboss/jandex/2.1.1.Final/jandex-2.1.1.Final.jar:/Users/milutinzeljkovic/.m2/repository/com/fasterxml/classmate/1.5.1/classmate-1.5.1.jar:/Users/milutinzeljkovic/.m2/repository/org/dom4j/dom4j/2.1.1/dom4j-2.1.1.jar:/Users/milutinzeljkovic/.m2/repository/org/hibernate/common/hibernate-commons-annotations/5.1.0.Final/hibernate-commons-annotations-5.1.0.Final.jar:/Users/milutinzeljkovic/.m2/repository/org/glassfish/jaxb/jaxb-runtime/2.3.2/jaxb-runtime-2.3.2.jar:/Users/milutinzeljkovic/.m2/repository/org/glassfish/jaxb/txw2/2.3.2/txw2-2.3.2.jar:/Users/milutinzeljkovic/.m2/repository/com/sun/istack/istack-commons-runtime/3.0.8/istack-commons-runtime-3.0.8.jar:/Users/milutinzeljkovic/.m2/repository/org/jvnet/staxex/stax-ex/1.8.1/stax-ex-1.8.1.jar:/Users/milutinzeljkovic/.m2/repository/com/sun/xml/fastinfoset/FastInfoset/1.2.16/FastInfoset-1.2.16.jar:/Users/milutinzeljkovic/.m2/repository/org/springframework/data/spring-data-jpa/2.2.6.RELEASE/spring-data-jpa-2.2.6.RELEASE.jar:/Users/milutinzeljkovic/.m2/repository/org/springframework/data/spring-data-commons/2.2.6.RELEASE/spring-data-commons-2.2.6.RELEASE.jar:/Users/milutinzeljkovic/.m2/repository/org/springframework/spring-orm/5.2.5.RELEASE/spring-orm-5.2.5.RELEASE.jar:/Users/milutinzeljkovic/.m2/repository/org/springframework/spring-tx/5.2.5.RELEASE/spring-tx-5.2.5.RELEASE.jar:/Users/milutinzeljkovic/.m2/repository/org/slf4j/slf4j-api/1.7.30/slf4j-api-1.7.30.jar:/Users/milutinzeljkovic/.m2/repository/org/springframework/spring-aspects/5.2.5.RELEASE/spring-aspects-5.2.5.RELEASE.jar:/Users/milutinzeljkovic/.m2/repository/com/h2database/h2/1.4.200/h2-1.4.200.jar:/Users/milutinzeljkovic/.m2/repository/org/apache/tomcat/tomcat-jdbc/9.0.33/tomcat-jdbc-9.0.33.jar:/Users/milutinzeljkovic/.m2/repository/org/apache/tomcat/tomcat-juli/9.0.33/tomcat-juli-9.0.33.jar:/Users/milutinzeljkovic/.m2/repository/org/postgresql/postgresql/42.2.12/postgresql-42.2.12.jar:/Users/milutinzeljkovic/.m2/repository/org/springframework/boot/spring-boot-starter-test/2.2.6.RELEASE/spring-boot-starter-test-2.2.6.RELEASE.jar:/Users/milutinzeljkovic/.m2/repository/org/springframework/boot/spring-boot-test/2.2.6.RELEASE/spring-boot-test-2.2.6.RELEASE.jar:/Users/milutinzeljkovic/.m2/repository/org/springframework/boot/spring-boot-test-autoconfigure/2.2.6.RELEASE/spring-boot-test-autoconfigure-2.2.6.RELEASE.jar:/Users/milutinzeljkovic/.m2/repository/com/jayway/jsonpath/json-path/2.4.0/json-path-2.4.0.jar:/Users/milutinzeljkovic/.m2/repository/net/minidev/json-smart/2.3/json-smart-2.3.jar:/Users/milutinzeljkovic/.m2/repository/net/minidev/accessors-smart/1.2/accessors-smart-1.2.jar:/Users/milutinzeljkovic/.m2/repository/org/ow2/asm/asm/5.0.4/asm-5.0.4.jar:/Users/milutinzeljkovic/.m2/repository/jakarta/xml/bind/jakarta.xml.bind-api/2.3.3/jakarta.xml.bind-api-2.3.3.jar:/Users/milutinzeljkovic/.m2/repository/org/junit/jupiter/junit-jupiter/5.5.2/junit-jupiter-5.5.2.jar:/Users/milutinzeljkovic/.m2/repository/org/junit/jupiter/junit-jupiter-api/5.5.2/junit-jupiter-api-5.5.2.jar:/Users/milutinzeljkovic/.m2/repository/org/opentest4j/opentest4j/1.2.0/opentest4j-1.2.0.jar:/Users/milutinzeljkovic/.m2/repository/org/junit/platform/junit-platform-commons/1.5.2/junit-platform-commons-1.5.2.jar:/Users/milutinzeljkovic/.m2/repository/org/junit/jupiter/junit-jupiter-params/5.5.2/junit-jupiter-params-5.5.2.jar:/Users/milutinzeljkovic/.m2/repository/org/junit/jupiter/junit-jupiter-engine/5.5.2/junit-jupiter-engine-5.5.2.jar:/Users/milutinzeljkovic/.m2/repository/org/junit/vintage/junit-vintage-engine/5.5.2/junit-vintage-engine-5.5.2.jar:/Users/milutinzeljkovic/.m2/repository/org/apiguardian/apiguardian-api/1.1.0/apiguardian-api-1.1.0.jar:/Users/milutinzeljkovic/.m2/repository/org/junit/platform/junit-platform-engine/1.5.2/junit-platform-engine-1.5.2.jar:/Users/milutinzeljkovic/.m2/repository/junit/junit/4.12/junit-4.12.jar:/Users/milutinzeljkovic/.m2/repository/org/mockito/mockito-junit-jupiter/3.1.0/mockito-junit-jupiter-3.1.0.jar:/Users/milutinzeljkovic/.m2/repository/org/assertj/assertj-core/3.13.2/assertj-core-3.13.2.jar:/Users/milutinzeljkovic/.m2/repository/org/hamcrest/hamcrest/2.1/hamcrest-2.1.jar:/Users/milutinzeljkovic/.m2/repository/org/mockito/mockito-core/3.1.0/mockito-core-3.1.0.jar:/Users/milutinzeljkovic/.m2/repository/net/bytebuddy/byte-buddy-agent/1.10.8/byte-buddy-agent-1.10.8.jar:/Users/milutinzeljkovic/.m2/repository/org/objenesis/objenesis/2.6/objenesis-2.6.jar:/Users/milutinzeljkovic/.m2/repository/org/skyscreamer/jsonassert/1.5.0/jsonassert-1.5.0.jar:/Users/milutinzeljkovic/.m2/repository/com/vaadin/external/google/android-json/0.0.20131108.vaadin1/android-json-0.0.20131108.vaadin1.jar:/Users/milutinzeljkovic/.m2/repository/org/springframework/spring-core/5.2.5.RELEASE/spring-core-5.2.5.RELEASE.jar:/Users/milutinzeljkovic/.m2/repository/org/springframework/spring-jcl/5.2.5.RELEASE/spring-jcl-5.2.5.RELEASE.jar:/Users/milutinzeljkovic/.m2/repository/org/springframework/spring-test/5.2.5.RELEASE/spring-test-5.2.5.RELEASE.jar:/Users/milutinzeljkovic/.m2/repository/org/xmlunit/xmlunit-core/2.6.4/xmlunit-core-2.6.4.jar:/Users/milutinzeljkovic/.m2/repository/mysql/mysql-connector-java/8.0.19/mysql-connector-java-8.0.19.jar:/Users/milutinzeljkovic/.m2/repository/io/rest-assured/rest-assured/4.3.0/rest-assured-4.3.0.jar:/Users/milutinzeljkovic/.m2/repository/org/codehaus/groovy/groovy/2.5.10/groovy-2.5.10.jar:/Users/milutinzeljkovic/.m2/repository/org/codehaus/groovy/groovy-xml/2.5.10/groovy-xml-2.5.10.jar:/Users/milutinzeljkovic/.m2/repository/org/apache/httpcomponents/httpclient/4.5.12/httpclient-4.5.12.jar:/Users/milutinzeljkovic/.m2/repository/org/apache/httpcomponents/httpcore/4.4.13/httpcore-4.4.13.jar:/Users/milutinzeljkovic/.m2/repository/commons-codec/commons-codec/1.13/commons-codec-1.13.jar:/Users/milutinzeljkovic/.m2/repository/org/apache/httpcomponents/httpmime/4.5.12/httpmime-4.5.12.jar:/Users/milutinzeljkovic/.m2/repository/org/ccil/cowan/tagsoup/tagsoup/1.2.1/tagsoup-1.2.1.jar:/Users/milutinzeljkovic/.m2/repository/io/rest-assured/json-path/4.3.0/json-path-4.3.0.jar:/Users/milutinzeljkovic/.m2/repository/org/codehaus/groovy/groovy-json/2.5.10/groovy-json-2.5.10.jar:/Users/milutinzeljkovic/.m2/repository/io/rest-assured/rest-assured-common/4.3.0/rest-assured-common-4.3.0.jar:/Users/milutinzeljkovic/.m2/repository/io/rest-assured/xml-path/4.3.0/xml-path-4.3.0.jar:/Users/milutinzeljkovic/.m2/repository/org/apache/commons/commons-lang3/3.9/commons-lang3-3.9.jar:/Users/milutinzeljkovic/.m2/repository/com/sun/xml/bind/jaxb-osgi/2.3.0.1/jaxb-osgi-2.3.0.1.jar:/Users/milutinzeljkovic/.m2/repository/org/apache/sling/org.apache.sling.javax.activation/0.1.0/org.apache.sling.javax.activation-0.1.0.jar:/Users/milutinzeljkovic/.m2/repository/javax/activation/activation/1.1.1/activation-1.1.1.jar:/Users/milutinzeljkovic/.m2/repository/org/springframework/boot/spring-boot-starter-security/2.2.6.RELEASE/spring-boot-starter-security-2.2.6.RELEASE.jar:/Users/milutinzeljkovic/.m2/repository/org/springframework/spring-aop/5.2.5.RELEASE/spring-aop-5.2.5.RELEASE.jar:/Users/milutinzeljkovic/.m2/repository/org/springframework/security/spring-security-config/5.2.2.RELEASE/spring-security-config-5.2.2.RELEASE.jar:/Users/milutinzeljkovic/.m2/repository/org/springframework/security/spring-security-web/5.2.2.RELEASE/spring-security-web-5.2.2.RELEASE.jar:/Users/milutinzeljkovic/.m2/repository/org/springframework/security/spring-security-test/5.2.2.RELEASE/spring-security-test-5.2.2.RELEASE.jar:/Users/milutinzeljkovic/.m2/repository/org/springframework/security/spring-security-core/5.2.2.RELEASE/spring-security-core-5.2.2.RELEASE.jar:/Users/milutinzeljkovic/.m2/repository/de/ohmesoftware/keytool/0.0.2/keytool-0.0.2.jar:/Users/milutinzeljkovic/.m2/repository/org/bouncycastle/bcprov-debug-jdk15on/1.61/bcprov-debug-jdk15on-1.61.jar:/Users/milutinzeljkovic/.m2/repository/org/springframework/cloud/spring-cloud-starter-netflix-eureka-client/2.2.2.RELEASE/spring-cloud-starter-netflix-eureka-client-2.2.2.RELEASE.jar:/Users/milutinzeljkovic/.m2/repository/org/springframework/cloud/spring-cloud-starter/2.2.2.RELEASE/spring-cloud-starter-2.2.2.RELEASE.jar:/Users/milutinzeljkovic/.m2/repository/org/springframework/cloud/spring-cloud-context/2.2.2.RELEASE/spring-cloud-context-2.2.2.RELEASE.jar:/Users/milutinzeljkovic/.m2/repository/org/springframework/security/spring-security-rsa/1.0.9.RELEASE/spring-security-rsa-1.0.9.RELEASE.jar:/Users/milutinzeljkovic/.m2/repository/org/springframework/cloud/spring-cloud-netflix-hystrix/2.2.2.RELEASE/spring-cloud-netflix-hystrix-2.2.2.RELEASE.jar:/Users/milutinzeljkovic/.m2/repository/org/springframework/cloud/spring-cloud-netflix-eureka-client/2.2.2.RELEASE/spring-cloud-netflix-eureka-client-2.2.2.RELEASE.jar:/Users/milutinzeljkovic/.m2/repository/com/netflix/eureka/eureka-client/1.9.17/eureka-client-1.9.17.jar:/Users/milutinzeljkovic/.m2/repository/org/codehaus/jettison/jettison/1.3.7/jettison-1.3.7.jar:/Users/milutinzeljkovic/.m2/repository/stax/stax-api/1.0.1/stax-api-1.0.1.jar:/Users/milutinzeljkovic/.m2/repository/com/netflix/netflix-commons/netflix-eventbus/0.3.0/netflix-eventbus-0.3.0.jar:/Users/milutinzeljkovic/.m2/repository/com/netflix/netflix-commons/netflix-infix/0.3.0/netflix-infix-0.3.0.jar:/Users/milutinzeljkovic/.m2/repository/commons-jxpath/commons-jxpath/1.3/commons-jxpath-1.3.jar:/Users/milutinzeljkovic/.m2/repository/joda-time/joda-time/2.10.5/joda-time-2.10.5.jar:/Users/milutinzeljkovic/.m2/repository/org/antlr/antlr-runtime/3.4/antlr-runtime-3.4.jar:/Users/milutinzeljkovic/.m2/repository/org/antlr/stringtemplate/3.2.1/stringtemplate-3.2.1.jar:/Users/milutinzeljkovic/.m2/repository/com/google/code/gson/gson/2.8.6/gson-2.8.6.jar:/Users/milutinzeljkovic/.m2/repository/org/apache/commons/commons-math/2.2/commons-math-2.2.jar:/Users/milutinzeljkovic/.m2/repository/com/netflix/archaius/archaius-core/0.7.6/archaius-core-0.7.6.jar:/Users/milutinzeljkovic/.m2/repository/com/google/guava/guava/16.0/guava-16.0.jar:/Users/milutinzeljkovic/.m2/repository/javax/ws/rs/jsr311-api/1.1.1/jsr311-api-1.1.1.jar:/Users/milutinzeljkovic/.m2/repository/com/netflix/servo/servo-core/0.12.21/servo-core-0.12.21.jar:/Users/milutinzeljkovic/.m2/repository/com/sun/jersey/jersey-core/1.19.1/jersey-core-1.19.1.jar:/Users/milutinzeljkovic/.m2/repository/com/sun/jersey/jersey-client/1.19.1/jersey-client-1.19.1.jar:/Users/milutinzeljkovic/.m2/repository/com/sun/jersey/contribs/jersey-apache-client4/1.19.1/jersey-apache-client4-1.19.1.jar:/Users/milutinzeljkovic/.m2/repository/com/google/inject/guice/4.1.0/guice-4.1.0.jar:/Users/milutinzeljkovic/.m2/repository/javax/inject/javax.inject/1/javax.inject-1.jar:/Users/milutinzeljkovic/.m2/repository/aopalliance/aopalliance/1.0/aopalliance-1.0.jar:/Users/milutinzeljkovic/.m2/repository/com/fasterxml/jackson/core/jackson-annotations/2.10.3/jackson-annotations-2.10.3.jar:/Users/milutinzeljkovic/.m2/repository/com/fasterxml/jackson/core/jackson-core/2.10.3/jackson-core-2.10.3.jar:/Users/milutinzeljkovic/.m2/repository/com/netflix/eureka/eureka-core/1.9.17/eureka-core-1.9.17.jar:/Users/milutinzeljkovic/.m2/repository/com/fasterxml/woodstox/woodstox-core/5.2.1/woodstox-core-5.2.1.jar:/Users/milutinzeljkovic/.m2/repository/org/codehaus/woodstox/stax2-api/4.2/stax2-api-4.2.jar:/Users/milutinzeljkovic/.m2/repository/org/springframework/cloud/spring-cloud-starter-netflix-archaius/2.2.2.RELEASE/spring-cloud-starter-netflix-archaius-2.2.2.RELEASE.jar:/Users/milutinzeljkovic/.m2/repository/org/springframework/cloud/spring-cloud-netflix-ribbon/2.2.2.RELEASE/spring-cloud-netflix-ribbon-2.2.2.RELEASE.jar:/Users/milutinzeljkovic/.m2/repository/org/springframework/cloud/spring-cloud-netflix-archaius/2.2.2.RELEASE/spring-cloud-netflix-archaius-2.2.2.RELEASE.jar:/Users/milutinzeljkovic/.m2/repository/commons-configuration/commons-configuration/1.8/commons-configuration-1.8.jar:/Users/milutinzeljkovic/.m2/repository/commons-lang/commons-lang/2.6/commons-lang-2.6.jar:/Users/milutinzeljkovic/.m2/repository/org/springframework/cloud/spring-cloud-starter-netflix-ribbon/2.2.2.RELEASE/spring-cloud-starter-netflix-ribbon-2.2.2.RELEASE.jar:/Users/milutinzeljkovic/.m2/repository/com/netflix/ribbon/ribbon/2.3.0/ribbon-2.3.0.jar:/Users/milutinzeljkovic/.m2/repository/com/netflix/ribbon/ribbon-transport/2.3.0/ribbon-transport-2.3.0.jar:/Users/milutinzeljkovic/.m2/repository/io/reactivex/rxnetty-contexts/0.4.9/rxnetty-contexts-0.4.9.jar:/Users/milutinzeljkovic/.m2/repository/io/reactivex/rxnetty-servo/0.4.9/rxnetty-servo-0.4.9.jar:/Users/milutinzeljkovic/.m2/repository/io/reactivex/rxnetty/0.4.9/rxnetty-0.4.9.jar:/Users/milutinzeljkovic/.m2/repository/com/netflix/ribbon/ribbon-core/2.3.0/ribbon-core-2.3.0.jar:/Users/milutinzeljkovic/.m2/repository/com/netflix/ribbon/ribbon-httpclient/2.3.0/ribbon-httpclient-2.3.0.jar:/Users/milutinzeljkovic/.m2/repository/commons-collections/commons-collections/3.2.2/commons-collections-3.2.2.jar:/Users/milutinzeljkovic/.m2/repository/com/netflix/netflix-commons/netflix-commons-util/0.1.1/netflix-commons-util-0.1.1.jar:/Users/milutinzeljkovic/.m2/repository/com/netflix/ribbon/ribbon-loadbalancer/2.3.0/ribbon-loadbalancer-2.3.0.jar:/Users/milutinzeljkovic/.m2/repository/com/netflix/netflix-commons/netflix-statistics/0.1.1/netflix-statistics-0.1.1.jar:/Users/milutinzeljkovic/.m2/repository/io/reactivex/rxjava/1.3.8/rxjava-1.3.8.jar:/Users/milutinzeljkovic/.m2/repository/org/springframework/cloud/spring-cloud-starter-loadbalancer/2.2.2.RELEASE/spring-cloud-starter-loadbalancer-2.2.2.RELEASE.jar:/Users/milutinzeljkovic/.m2/repository/org/springframework/cloud/spring-cloud-loadbalancer/2.2.2.RELEASE/spring-cloud-loadbalancer-2.2.2.RELEASE.jar:/Users/milutinzeljkovic/.m2/repository/io/projectreactor/reactor-core/3.3.4.RELEASE/reactor-core-3.3.4.RELEASE.jar:/Users/milutinzeljkovic/.m2/repository/org/reactivestreams/reactive-streams/1.0.3/reactive-streams-1.0.3.jar:/Users/milutinzeljkovic/.m2/repository/io/projectreactor/addons/reactor-extra/3.3.3.RELEASE/reactor-extra-3.3.3.RELEASE.jar:/Users/milutinzeljkovic/.m2/repository/org/springframework/boot/spring-boot-starter-cache/2.2.6.RELEASE/spring-boot-starter-cache-2.2.6.RELEASE.jar:/Users/milutinzeljkovic/.m2/repository/org/springframework/spring-context-support/5.2.5.RELEASE/spring-context-support-5.2.5.RELEASE.jar:/Users/milutinzeljkovic/.m2/repository/com/stoyanr/evictor/1.0.0/evictor-1.0.0.jar:/Users/milutinzeljkovic/.m2/repository/com/netflix/ribbon/ribbon-eureka/2.3.0/ribbon-eureka-2.3.0.jar:/Users/milutinzeljkovic/.m2/repository/com/thoughtworks/xstream/xstream/1.4.11.1/xstream-1.4.11.1.jar:/Users/milutinzeljkovic/.m2/repository/xmlpull/xmlpull/1.1.3.1/xmlpull-1.1.3.1.jar:/Users/milutinzeljkovic/.m2/repository/xpp3/xpp3_min/1.1.4c/xpp3_min-1.1.4c.jar:/Users/milutinzeljkovic/.m2/repository/org/springframework/boot/spring-boot-starter-actuator/2.2.6.RELEASE/spring-boot-starter-actuator-2.2.6.RELEASE.jar:/Users/milutinzeljkovic/.m2/repository/org/springframework/boot/spring-boot-actuator-autoconfigure/2.2.6.RELEASE/spring-boot-actuator-autoconfigure-2.2.6.RELEASE.jar:/Users/milutinzeljkovic/.m2/repository/org/springframework/boot/spring-boot-actuator/2.2.6.RELEASE/spring-boot-actuator-2.2.6.RELEASE.jar:/Users/milutinzeljkovic/.m2/repository/io/micrometer/micrometer-core/1.3.6/micrometer-core-1.3.6.jar:/Users/milutinzeljkovic/.m2/repository/org/hdrhistogram/HdrHistogram/2.1.11/HdrHistogram-2.1.11.jar:/Users/milutinzeljkovic/.m2/repository/org/latencyutils/LatencyUtils/2.0.3/LatencyUtils-2.0.3.jar:/Users/milutinzeljkovic/.m2/repository/org/springframework/cloud/spring-cloud-starter-openfeign/2.2.2.RELEASE/spring-cloud-starter-openfeign-2.2.2.RELEASE.jar:/Users/milutinzeljkovic/.m2/repository/org/springframework/cloud/spring-cloud-openfeign-core/2.2.2.RELEASE/spring-cloud-openfeign-core-2.2.2.RELEASE.jar:/Users/milutinzeljkovic/.m2/repository/io/github/openfeign/form/feign-form-spring/3.8.0/feign-form-spring-3.8.0.jar:/Users/milutinzeljkovic/.m2/repository/io/github/openfeign/form/feign-form/3.8.0/feign-form-3.8.0.jar:/Users/milutinzeljkovic/.m2/repository/commons-fileupload/commons-fileupload/1.4/commons-fileupload-1.4.jar:/Users/milutinzeljkovic/.m2/repository/commons-io/commons-io/2.2/commons-io-2.2.jar:/Users/milutinzeljkovic/.m2/repository/org/springframework/cloud/spring-cloud-commons/2.2.2.RELEASE/spring-cloud-commons-2.2.2.RELEASE.jar:/Users/milutinzeljkovic/.m2/repository/org/springframework/security/spring-security-crypto/5.2.2.RELEASE/spring-security-crypto-5.2.2.RELEASE.jar:/Users/milutinzeljkovic/.m2/repository/io/github/openfeign/feign-core/10.7.4/feign-core-10.7.4.jar:/Users/milutinzeljkovic/.m2/repository/io/github/openfeign/feign-slf4j/10.7.4/feign-slf4j-10.7.4.jar:/Users/milutinzeljkovic/.m2/repository/io/github/openfeign/feign-hystrix/10.7.4/feign-hystrix-10.7.4.jar:/Users/milutinzeljkovic/.m2/repository/com/netflix/hystrix/hystrix-core/1.5.18/hystrix-core-1.5.18.jar:"/>
    <property name="sun.cpu.endian" value="little"/>
    <property name="user.home" value="/Users/milutinzeljkovic"/>
    <property name="user.language" value="en"/>
    <property name="java.specification.vendor" value="Oracle Corporation"/>
    <property name="java.version.date" value="2020-01-14"/>
    <property name="java.home" value="/usr/local/Cellar/openjdk/13.0.2+8_2/libexec/openjdk.jdk/Contents/Home"/>
    <property name="file.separator" value="/"/>
    <property name="basedir" value="/Users/milutinzeljkovic/XML/XML_WS/micro_services/services/AxonSaga/Security-Service/backend"/>
    <property name="java.vm.compressedOopsMode" value="Zero based"/>
    <property name="line.separator" value="&#10;"/>
    <property name="java.specification.name" value="Java Platform API Specification"/>
    <property name="java.vm.specification.vendor" value="Oracle Corporation"/>
    <property name="surefire.real.class.path" value="/Users/milutinzeljkovic/XML/XML_WS/micro_services/services/AxonSaga/Security-Service/backend/target/surefire/surefirebooter14382145614450182210.jar"/>
    <property name="sun.management.compiler" value="HotSpot 64-Bit Tiered Compilers"/>
    <property name="ftp.nonProxyHosts" value="local|*.local|169.254/16|*.169.254/16"/>
    <property name="java.runtime.version" value="13.0.2+8"/>
    <property name="user.name" value="milutinzeljkovic"/>
    <property name="path.separator" value=":"/>
    <property name="os.version" value="10.15.4"/>
    <property name="java.runtime.name" value="OpenJDK Runtime Environment"/>
    <property name="file.encoding" value="UTF-8"/>
    <property name="java.vm.name" value="OpenJDK 64-Bit Server VM"/>
    <property name="localRepository" value="/Users/milutinzeljkovic/.m2/repository"/>
    <property name="java.vendor.url.bug" value="https://bugreport.java.com/bugreport/"/>
    <property name="java.io.tmpdir" value="/var/folders/zb/2qmxcwl170sctd9p91tss0qh0000gn/T/"/>
    <property name="java.version" value="13.0.2"/>
    <property name="user.dir" value="/Users/milutinzeljkovic/XML/XML_WS/micro_services/services/AxonSaga/Security-Service/backend"/>
    <property name="os.arch" value="x86_64"/>
    <property name="java.vm.specification.name" value="Java Virtual Machine Specification"/>
    <property name="java.library.path" value="/Users/milutinzeljkovic/Library/Java/Extensions:/Library/Java/Extensions:/Network/Library/Java/Extensions:/System/Library/Java/Extensions:/usr/lib/java:."/>
    <property name="java.vm.info" value="mixed mode, sharing"/>
    <property name="java.vendor" value="N/A"/>
    <property name="java.vm.version" value="13.0.2+8"/>
    <property name="sun.io.unicode.encoding" value="UnicodeBig"/>
    <property name="socksNonProxyHosts" value="local|*.local|169.254/16|*.169.254/16"/>
    <property name="java.class.version" value="57.0"/>
  </properties>
  <testcase name="initializationError" classname="de.jonashackt.springbootvuejs.repository.UserRepositoryTest" time="0.014">
    <error message="No runnable methods" type="java.lang.Exception">java.lang.Exception: No runnable methods
</error>
    <system-out><![CDATA[16:46:51.312 [main] DEBUG org.springframework.test.context.junit4.SpringJUnit4ClassRunner - SpringJUnit4ClassRunner constructor called with [class de.jonashackt.springbootvuejs.controller.BackendControllerTest]
16:46:51.315 [main] DEBUG org.springframework.test.context.BootstrapUtils - Instantiating CacheAwareContextLoaderDelegate from class [org.springframework.test.context.cache.DefaultCacheAwareContextLoaderDelegate]
16:46:51.324 [main] DEBUG org.springframework.test.context.BootstrapUtils - Instantiating BootstrapContext using constructor [public org.springframework.test.context.support.DefaultBootstrapContext(java.lang.Class,org.springframework.test.context.CacheAwareContextLoaderDelegate)]
16:46:51.365 [main] DEBUG org.springframework.test.context.BootstrapUtils - Instantiating TestContextBootstrapper for test class [de.jonashackt.springbootvuejs.controller.BackendControllerTest] from class [org.springframework.boot.test.context.SpringBootTestContextBootstrapper]
16:46:51.395 [main] INFO org.springframework.boot.test.context.SpringBootTestContextBootstrapper - Neither @ContextConfiguration nor @ContextHierarchy found for test class [de.jonashackt.springbootvuejs.controller.BackendControllerTest], using SpringBootContextLoader
16:46:51.400 [main] DEBUG org.springframework.test.context.support.AbstractContextLoader - Did not detect default resource location for test class [de.jonashackt.springbootvuejs.controller.BackendControllerTest]: class path resource [de/jonashackt/springbootvuejs/controller/BackendControllerTest-context.xml] does not exist
16:46:51.401 [main] DEBUG org.springframework.test.context.support.AbstractContextLoader - Did not detect default resource location for test class [de.jonashackt.springbootvuejs.controller.BackendControllerTest]: class path resource [de/jonashackt/springbootvuejs/controller/BackendControllerTestContext.groovy] does not exist
16:46:51.401 [main] INFO org.springframework.test.context.support.AbstractContextLoader - Could not detect default resource locations for test class [de.jonashackt.springbootvuejs.controller.BackendControllerTest]: no resource found for suffixes {-context.xml, Context.groovy}.
16:46:51.475 [main] DEBUG org.springframework.test.context.support.ActiveProfilesUtils - Could not find an 'annotation declaring class' for annotation type [org.springframework.test.context.ActiveProfiles] and class [de.jonashackt.springbootvuejs.controller.BackendControllerTest]
16:46:51.643 [main] DEBUG org.springframework.boot.test.context.SpringBootTestContextBootstrapper - @TestExecutionListeners is not present for class [de.jonashackt.springbootvuejs.controller.BackendControllerTest]: using defaults.
16:46:51.644 [main] INFO org.springframework.boot.test.context.SpringBootTestContextBootstrapper - Loaded default TestExecutionListener class names from location [META-INF/spring.factories]: [org.springframework.boot.test.mock.mockito.MockitoTestExecutionListener, org.springframework.boot.test.mock.mockito.ResetMocksTestExecutionListener, org.springframework.boot.test.autoconfigure.restdocs.RestDocsTestExecutionListener, org.springframework.boot.test.autoconfigure.web.client.MockRestServiceServerResetTestExecutionListener, org.springframework.boot.test.autoconfigure.web.servlet.MockMvcPrintOnlyOnFailureTestExecutionListener, org.springframework.boot.test.autoconfigure.web.servlet.WebDriverTestExecutionListener, org.springframework.test.context.web.ServletTestExecutionListener, org.springframework.test.context.support.DirtiesContextBeforeModesTestExecutionListener, org.springframework.test.context.support.DependencyInjectionTestExecutionListener, org.springframework.test.context.support.DirtiesContextTestExecutionListener, org.springframework.test.context.transaction.TransactionalTestExecutionListener, org.springframework.test.context.jdbc.SqlScriptsTestExecutionListener, org.springframework.test.context.event.EventPublishingTestExecutionListener, org.springframework.security.test.context.support.WithSecurityContextTestExecutionListener, org.springframework.security.test.context.support.ReactorContextTestExecutionListener]
16:46:51.665 [main] INFO org.springframework.boot.test.context.SpringBootTestContextBootstrapper - Using TestExecutionListeners: [org.springframework.test.context.web.ServletTestExecutionListener@119cbf96, org.springframework.test.context.support.DirtiesContextBeforeModesTestExecutionListener@71329995, org.springframework.boot.test.mock.mockito.MockitoTestExecutionListener@768fc0f2, org.springframework.boot.test.autoconfigure.SpringBootDependencyInjectionTestExecutionListener@5454d35e, org.springframework.test.context.support.DirtiesContextTestExecutionListener@20c0a64d, org.springframework.test.context.transaction.TransactionalTestExecutionListener@455b6df1, org.springframework.test.context.jdbc.SqlScriptsTestExecutionListener@4ddbbdf8, org.springframework.test.context.event.EventPublishingTestExecutionListener@3f67593e, org.springframework.security.test.context.support.WithSecurityContextTestExecutionListener@1ab06251, org.springframework.security.test.context.support.ReactorContextTestExecutionListener@41ab013, org.springframework.boot.test.mock.mockito.ResetMocksTestExecutionListener@14bee915, org.springframework.boot.test.autoconfigure.restdocs.RestDocsTestExecutionListener@1115ec15, org.springframework.boot.test.autoconfigure.web.client.MockRestServiceServerResetTestExecutionListener@82ea68c, org.springframework.boot.test.autoconfigure.web.servlet.MockMvcPrintOnlyOnFailureTestExecutionListener@59e505b2, org.springframework.boot.test.autoconfigure.web.servlet.WebDriverTestExecutionListener@3af0a9da]
16:46:51.667 [main] DEBUG org.springframework.test.annotation.ProfileValueUtils - Retrieved @ProfileValueSourceConfiguration [null] for test class [de.jonashackt.springbootvuejs.controller.BackendControllerTest]
16:46:51.668 [main] DEBUG org.springframework.test.annotation.ProfileValueUtils - Retrieved ProfileValueSource type [class org.springframework.test.annotation.SystemProfileValueSource] for class [de.jonashackt.springbootvuejs.controller.BackendControllerTest]
16:46:51.677 [main] DEBUG org.springframework.test.context.junit4.SpringJUnit4ClassRunner - SpringJUnit4ClassRunner constructor called with [class de.jonashackt.springbootvuejs.controller.BackendControllerTest]
16:46:51.677 [main] DEBUG org.springframework.test.context.BootstrapUtils - Instantiating CacheAwareContextLoaderDelegate from class [org.springframework.test.context.cache.DefaultCacheAwareContextLoaderDelegate]
16:46:51.677 [main] DEBUG org.springframework.test.context.BootstrapUtils - Instantiating BootstrapContext using constructor [public org.springframework.test.context.support.DefaultBootstrapContext(java.lang.Class,org.springframework.test.context.CacheAwareContextLoaderDelegate)]
16:46:51.677 [main] DEBUG org.springframework.test.context.BootstrapUtils - Instantiating TestContextBootstrapper for test class [de.jonashackt.springbootvuejs.controller.BackendControllerTest] from class [org.springframework.boot.test.context.SpringBootTestContextBootstrapper]
16:46:51.678 [main] INFO org.springframework.boot.test.context.SpringBootTestContextBootstrapper - Neither @ContextConfiguration nor @ContextHierarchy found for test class [de.jonashackt.springbootvuejs.controller.BackendControllerTest], using SpringBootContextLoader
16:46:51.680 [main] DEBUG org.springframework.test.context.support.AbstractContextLoader - Did not detect default resource location for test class [de.jonashackt.springbootvuejs.controller.BackendControllerTest]: class path resource [de/jonashackt/springbootvuejs/controller/BackendControllerTest-context.xml] does not exist
16:46:51.680 [main] DEBUG org.springframework.test.context.support.AbstractContextLoader - Did not detect default resource location for test class [de.jonashackt.springbootvuejs.controller.BackendControllerTest]: class path resource [de/jonashackt/springbootvuejs/controller/BackendControllerTestContext.groovy] does not exist
16:46:51.680 [main] INFO org.springframework.test.context.support.AbstractContextLoader - Could not detect default resource locations for test class [de.jonashackt.springbootvuejs.controller.BackendControllerTest]: no resource found for suffixes {-context.xml, Context.groovy}.
16:46:51.682 [main] DEBUG org.springframework.test.context.support.ActiveProfilesUtils - Could not find an 'annotation declaring class' for annotation type [org.springframework.test.context.ActiveProfiles] and class [de.jonashackt.springbootvuejs.controller.BackendControllerTest]
16:46:51.684 [main] DEBUG org.springframework.boot.test.context.SpringBootTestContextBootstrapper - @TestExecutionListeners is not present for class [de.jonashackt.springbootvuejs.controller.BackendControllerTest]: using defaults.
16:46:51.685 [main] INFO org.springframework.boot.test.context.SpringBootTestContextBootstrapper - Loaded default TestExecutionListener class names from location [META-INF/spring.factories]: [org.springframework.boot.test.mock.mockito.MockitoTestExecutionListener, org.springframework.boot.test.mock.mockito.ResetMocksTestExecutionListener, org.springframework.boot.test.autoconfigure.restdocs.RestDocsTestExecutionListener, org.springframework.boot.test.autoconfigure.web.client.MockRestServiceServerResetTestExecutionListener, org.springframework.boot.test.autoconfigure.web.servlet.MockMvcPrintOnlyOnFailureTestExecutionListener, org.springframework.boot.test.autoconfigure.web.servlet.WebDriverTestExecutionListener, org.springframework.test.context.web.ServletTestExecutionListener, org.springframework.test.context.support.DirtiesContextBeforeModesTestExecutionListener, org.springframework.test.context.support.DependencyInjectionTestExecutionListener, org.springframework.test.context.support.DirtiesContextTestExecutionListener, org.springframework.test.context.transaction.TransactionalTestExecutionListener, org.springframework.test.context.jdbc.SqlScriptsTestExecutionListener, org.springframework.test.context.event.EventPublishingTestExecutionListener, org.springframework.security.test.context.support.WithSecurityContextTestExecutionListener, org.springframework.security.test.context.support.ReactorContextTestExecutionListener]
16:46:51.685 [main] INFO org.springframework.boot.test.context.SpringBootTestContextBootstrapper - Using TestExecutionListeners: [org.springframework.test.context.web.ServletTestExecutionListener@6bc407fd, org.springframework.test.context.support.DirtiesContextBeforeModesTestExecutionListener@291f18, org.springframework.boot.test.mock.mockito.MockitoTestExecutionListener@17d88132, org.springframework.boot.test.autoconfigure.SpringBootDependencyInjectionTestExecutionListener@5ddcc487, org.springframework.test.context.support.DirtiesContextTestExecutionListener@16eccb2e, org.springframework.test.context.transaction.TransactionalTestExecutionListener@5ef5c734, org.springframework.test.context.jdbc.SqlScriptsTestExecutionListener@d771cc9, org.springframework.test.context.event.EventPublishingTestExecutionListener@36b4091c, org.springframework.security.test.context.support.WithSecurityContextTestExecutionListener@4671115f, org.springframework.security.test.context.support.ReactorContextTestExecutionListener@36cda2c2, org.springframework.boot.test.mock.mockito.ResetMocksTestExecutionListener@3697186, org.springframework.boot.test.autoconfigure.restdocs.RestDocsTestExecutionListener@1583741e, org.springframework.boot.test.autoconfigure.web.client.MockRestServiceServerResetTestExecutionListener@5b367418, org.springframework.boot.test.autoconfigure.web.servlet.MockMvcPrintOnlyOnFailureTestExecutionListener@36060e, org.springframework.boot.test.autoconfigure.web.servlet.WebDriverTestExecutionListener@481ba2cf]
16:46:51.685 [main] DEBUG org.springframework.test.annotation.ProfileValueUtils - Retrieved @ProfileValueSourceConfiguration [null] for test class [de.jonashackt.springbootvuejs.controller.BackendControllerTest]
16:46:51.686 [main] DEBUG org.springframework.test.annotation.ProfileValueUtils - Retrieved ProfileValueSource type [class org.springframework.test.annotation.SystemProfileValueSource] for class [de.jonashackt.springbootvuejs.controller.BackendControllerTest]
]]></system-out>
  </testcase>
</testsuite>